{"level":"info","message":"Test Case Started : Verify My Personal Information."}
{"level":"info","message":"Test Case Completed : Verify My Personal Information. Status : passed"}
{"level":"error","message":"File not found: E:\\playwright-typescript-playwright-test-main\\html-report"}
{"level":"info","message":"Test Case Started : @API getUsers"}
{"level":"info","message":"Test Case Completed : @API getUsers Status : failed"}
{"level":"info","message":"Test Case Started : @API postUsers"}
{"level":"info","message":"Test Case Completed : @API postUsers Status : failed"}
{"level":"info","message":"Test Case Started : Connect to Postgres DB"}
{"level":"info","message":"Test Case Completed : Connect to Postgres DB Status : failed"}
{"level":"info","message":"Test Case Started : Verify My Personal Information."}
{"level":"info","message":"Test Case Completed : Verify My Personal Information. Status : interrupted"}
{"level":"info","message":"Test Case Started : Generate and verify HAR file for Personal Information."}
{"level":"info","message":"Test Case Completed : Generate and verify HAR file for Personal Information. Status : passed"}
{"level":"info","message":"Test Case Started : Generate and verify HAR file for Personal Information."}
{"level":"info","message":"Test Case Completed : Generate and verify HAR file for Personal Information. Status : interrupted"}
{"level":"info","message":"Test Case Started : Generate and verify HAR file for Personal Information."}
{"level":"info","message":"Test Case Completed : Generate and verify HAR file for Personal Information. Status : failed"}
{"level":"info","message":"Test Case Started : Generate and verify HAR file for Personal Information."}
{"level":"info","message":"Test Case Completed : Generate and verify HAR file for Personal Information. Status : failed"}
{"level":"info","message":"Test Case Started : Generate and verify HAR file for Personal Information."}
{"level":"info","message":"Test Case Completed : Generate and verify HAR file for Personal Information. Status : failed"}
{"level":"info","message":"Test Case Started : Generate and verify HAR file for Personal Information."}
{"level":"info","message":"Test Case Completed : Generate and verify HAR file for Personal Information. Status : failed"}
{"level":"info","message":"Test Case Started : Generate and verify HAR file for Personal Information."}
{"level":"info","message":"Test Case Completed : Generate and verify HAR file for Personal Information. Status : failed"}
{"level":"info","message":"Test Case Started : Login to PHP travels."}
{"level":"info","message":"Test Case Completed : Login to PHP travels. Status : passed"}
{"level":"info","message":"Test Case Started : Login tests"}
{"level":"info","message":"Executing Step : Login by user"}
{"level":"info","message":"Executing Step : verify OTP verification is displayed on succesful login by user"}
{"level":"info","message":"Executing Step : Verify error message on login by invalid credentials"}
{"level":"info","message":"Test Case Completed : Login tests Status : passed"}
{"level":"info","message":"Test Case Started : Login tests"}
{"level":"info","message":"Executing Step : Login by user"}
{"level":"info","message":"Test Case Completed : Login tests Status : timedOut"}
{"level":"info","message":"Test Case Started : Login by user"}
{"level":"info","message":"Test Case Completed : Login by user Status : interrupted"}
{"level":"info","message":"Test Case Started : Login by user"}
{"level":"info","message":"Test Case Completed : Login by user Status : failed"}
{"level":"info","message":"Test Case Started : verify OTP verification is displayed on succesful login by user"}
{"level":"info","message":"Test Case Completed : verify OTP verification is displayed on succesful login by user Status : failed"}
{"level":"info","message":"Test Case Started : Verify error message on login by invalid credentials"}
{"level":"info","message":"Test Case Completed : Verify error message on login by invalid credentials Status : interrupted"}
{"level":"info","message":"Test Case Started : Login by user"}
{"level":"info","message":"Test Case Completed : Login by user Status : failed"}
{"level":"info","message":"Test Case Started : verify OTP verification is displayed on succesful login by user"}
{"level":"info","message":"Test Case Completed : verify OTP verification is displayed on succesful login by user Status : failed"}
{"level":"info","message":"Test Case Started : Verify error message on login by invalid credentials"}
{"level":"info","message":"Test Case Completed : Verify error message on login by invalid credentials Status : passed"}
